<?xml version="1.0" encoding="UTF-8"?>
<testsuite xmlns:xsi="http://www.w3.org/2001/XMLSchema-instance" xsi:noNamespaceSchemaLocation="https://maven.apache.org/surefire/maven-surefire-plugin/xsd/surefire-test-report.xsd" name="prova.pit.hom.TriangleTest" time="0.057" tests="12" errors="0" skipped="0" failures="0">
  <properties>
[...]
</properties>
  <testcase name="testInvalidNeg1" classname="prova.pit.hom.TriangleTest" time="0.044"/>
  <testcase name="testInvalidNeg2" classname="prova.pit.hom.TriangleTest" time="0"/>
  <testcase name="testInvalidNeg3" classname="prova.pit.hom.TriangleTest" time="0"/>
  <testcase name="testEquilateral" classname="prova.pit.hom.TriangleTest" time="0"/>
  <testcase name="test1" classname="prova.pit.hom.TriangleTest" time="0"/>
  <testcase name="testIsosceles1" classname="prova.pit.hom.TriangleTest" time="0"/>
  <testcase name="testIsosceles2" classname="prova.pit.hom.TriangleTest" time="0"/>
  <testcase name="testIsosceles3" classname="prova.pit.hom.TriangleTest" time="0"/>
  <testcase name="testInvalid1" classname="prova.pit.hom.TriangleTest" time="0"/>
  <testcase name="testInvalid2" classname="prova.pit.hom.TriangleTest" time="0.001"/>
  <testcase name="testInvalid3" classname="prova.pit.hom.TriangleTest" time="0"/>
  <testcase name="testInvalid" classname="prova.pit.hom.TriangleTest" time="0"/>
</testsuite>